[19-Apr-2018 02:08:03 UTC] PHP Fatal error:  Uncaught Error: Call to undefined method Testemonial::testemonialID() in C:\wamp\www\reseau\1\model\testemonial.php:29
Stack trace:
#0 C:\wamp\www\reseau\1\controller\kontroler.php(16): Testemonial::getAll(Object(mysqli))
#1 {main}
  thrown in C:\wamp\www\reseau\1\model\testemonial.php on line 29
[19-Apr-2018 02:58:38 UTC] PHP Fatal error:  Uncaught Error: Call to undefined function save() in C:\wamp\www\reseau\1\controller\kontroler.php:37
Stack trace:
#0 {main}
  thrown in C:\wamp\www\reseau\1\controller\kontroler.php on line 37
[19-Apr-2018 03:00:03 UTC] PHP Fatal error:  Uncaught Error: Call to undefined function save() in C:\wamp\www\reseau\1\controller\kontroler.php:37
Stack trace:
#0 {main}
  thrown in C:\wamp\www\reseau\1\controller\kontroler.php on line 37
[19-Apr-2018 03:00:17 UTC] PHP Fatal error:  Uncaught Error: Call to undefined function save() in C:\wamp\www\reseau\1\controller\kontroler.php:37
Stack trace:
#0 {main}
  thrown in C:\wamp\www\reseau\1\controller\kontroler.php on line 37
[19-Apr-2018 03:03:32 UTC] PHP Fatal error:  Uncaught Error: Call to undefined method Usluga::setUsluga() in C:\wamp\www\reseau\1\controller\kontroler.php:35
Stack trace:
#0 {main}
  thrown in C:\wamp\www\reseau\1\controller\kontroler.php on line 35
[12-Jan-2020 15:13:33 Europe/Berlin] PHP Warning:  mysqli::__construct(): (HY000/1045): Access denied for user 'root'@'localhost' (using password: NO) in C:\xampp\htdocs\gotov\seminarski\konekcija.php on line 7
[12-Jan-2020 15:13:33 Europe/Berlin] PHP Warning:  mysqli::__construct(): (HY000/1045): Access denied for user 'root'@'localhost' (using password: NO) in C:\xampp\htdocs\gotov\seminarski\konekcija.php on line 7
[12-Jan-2020 15:14:01 Europe/Berlin] PHP Warning:  mysqli::__construct(): (HY000/1045): Access denied for user 'root'@'localhost' (using password: NO) in C:\xampp\htdocs\gotov\seminarski\konekcija.php on line 7
[12-Jan-2020 15:14:01 Europe/Berlin] PHP Warning:  mysqli::__construct(): (HY000/1045): Access denied for user 'root'@'localhost' (using password: NO) in C:\xampp\htdocs\gotov\seminarski\konekcija.php on line 7
