[19-Apr-2018 03:37:50 UTC] PHP Warning:  include(mode/testemonial.php): failed to open stream: No such file or directory in C:\wamp\www\reseau\1\administracija.php on line 3
[19-Apr-2018 03:37:50 UTC] PHP Warning:  include(): Failed opening 'mode/testemonial.php' for inclusion (include_path='.;C:\php\pear') in C:\wamp\www\reseau\1\administracija.php on line 3
[19-Apr-2018 03:37:50 UTC] PHP Fatal error:  Uncaught Error: Class 'Testemonial' not found in C:\wamp\www\reseau\1\administracija.php:90
Stack trace:
#0 {main}
  thrown in C:\wamp\www\reseau\1\administracija.php on line 90
[19-Apr-2018 04:12:32 UTC] PHP Notice:  Undefined variable: podaci in C:\wamp\www\reseau\3\administracija.php on line 94
[19-Apr-2018 04:12:32 UTC] PHP Warning:  Invalid argument supplied for foreach() in C:\wamp\www\reseau\3\administracija.php on line 94
[19-Apr-2018 04:13:19 UTC] PHP Fatal error:  Uncaught Error: Cannot use object of type stdClass as array in C:\wamp\www\reseau\3\administracija.php:99
Stack trace:
#0 {main}
  thrown in C:\wamp\www\reseau\3\administracija.php on line 99
[19-Apr-2018 04:13:41 UTC] PHP Fatal error:  Uncaught Error: Cannot use object of type stdClass as array in C:\wamp\www\reseau\3\administracija.php:100
Stack trace:
#0 {main}
  thrown in C:\wamp\www\reseau\3\administracija.php on line 100
[19-Apr-2018 04:14:02 UTC] PHP Fatal error:  Uncaught Error: Cannot use object of type stdClass as array in C:\wamp\www\reseau\3\administracija.php:100
Stack trace:
#0 {main}
  thrown in C:\wamp\www\reseau\3\administracija.php on line 100
[19-Apr-2018 04:47:40 UTC] PHP Notice:  Undefined variable: poruka in C:\wamp\www\reseau\seminarski\login.php on line 60
[19-Apr-2018 04:49:24 UTC] PHP Notice:  Undefined variable: poruka in C:\wamp\www\reseau\seminarski\login.php on line 60
[19-Apr-2018 04:50:28 UTC] PHP Notice:  Undefined variable: poruka in C:\wamp\www\reseau\seminarski\login.php on line 58
[19-Apr-2018 05:04:34 UTC] PHP Notice:  Undefined index: user in C:\wamp\www\reseau\seminarski\header.php on line 23
[19-Apr-2018 05:04:34 UTC] PHP Notice:  Trying to get property of non-object in C:\wamp\www\reseau\seminarski\header.php on line 23
[19-Apr-2018 05:04:36 UTC] PHP Notice:  Undefined index: user in C:\wamp\www\reseau\seminarski\header.php on line 23
[19-Apr-2018 05:04:36 UTC] PHP Notice:  Trying to get property of non-object in C:\wamp\www\reseau\seminarski\header.php on line 23
[19-Apr-2018 05:05:10 UTC] PHP Notice:  Undefined index: user in C:\wamp\www\reseau\seminarski\header.php on line 23
[19-Apr-2018 05:05:10 UTC] PHP Notice:  Trying to get property of non-object in C:\wamp\www\reseau\seminarski\header.php on line 23
[19-Apr-2018 05:05:13 UTC] PHP Notice:  Undefined index: user in C:\wamp\www\reseau\seminarski\header.php on line 23
[19-Apr-2018 05:05:13 UTC] PHP Notice:  Trying to get property of non-object in C:\wamp\www\reseau\seminarski\header.php on line 23
[12-Jan-2020 15:14:03 Europe/Berlin] PHP Warning:  mysqli::__construct(): (HY000/1045): Access denied for user 'root'@'localhost' (using password: NO) in C:\xampp\htdocs\gotov\seminarski\konekcija.php on line 7
[12-Jan-2020 15:15:55 Europe/Berlin] PHP Warning:  Invalid argument supplied for foreach() in C:\xampp\htdocs\gotov\seminarski\administracija.php on line 98
[13-Jan-2020 15:27:01 Europe/Berlin] PHP Warning:  Invalid argument supplied for foreach() in C:\xampp\htdocs\gotov\seminarski\administracija.php on line 98
[16-Jan-2020 18:42:52 Europe/Berlin] PHP Warning:  mysqli::__construct(): (HY000/1045): Access denied for user 'root'@'localhost' (using password: YES) in C:\xampp\htdocs\ana\gotov\seminarski\konekcija.php on line 7
[16-Jan-2020 18:43:00 Europe/Berlin] PHP Warning:  mysqli::__construct(): (HY000/1045): Access denied for user 'root'@'localhost' (using password: YES) in C:\xampp\htdocs\ana\gotov\seminarski\konekcija.php on line 7
[16-Jan-2020 18:43:02 Europe/Berlin] PHP Warning:  mysqli::__construct(): (HY000/1045): Access denied for user 'root'@'localhost' (using password: YES) in C:\xampp\htdocs\ana\gotov\seminarski\konekcija.php on line 7
[16-Jan-2020 18:43:07 Europe/Berlin] PHP Warning:  mysqli::__construct(): (HY000/1045): Access denied for user 'root'@'localhost' (using password: YES) in C:\xampp\htdocs\ana\gotov\seminarski\konekcija.php on line 7
[16-Jan-2020 18:44:17 Europe/Berlin] PHP Warning:  mysqli::__construct(): (HY000/1045): Access denied for user 'root'@'localhost' (using password: YES) in C:\xampp\htdocs\ana\gotov\seminarski\konekcija.php on line 7
[16-Jan-2020 18:44:18 Europe/Berlin] PHP Warning:  mysqli::__construct(): (HY000/1045): Access denied for user 'root'@'localhost' (using password: YES) in C:\xampp\htdocs\ana\gotov\seminarski\konekcija.php on line 7
[16-Jan-2020 18:45:40 Europe/Berlin] PHP Warning:  mysqli::__construct(): (HY000/1045): Access denied for user 'root'@'localhost' (using password: YES) in C:\xampp\htdocs\ana\gotov\seminarski\konekcija.php on line 7
[16-Jan-2020 18:45:40 Europe/Berlin] PHP Warning:  mysqli::__construct(): (HY000/1045): Access denied for user 'root'@'localhost' (using password: YES) in C:\xampp\htdocs\ana\gotov\seminarski\konekcija.php on line 7
[16-Jan-2020 18:45:41 Europe/Berlin] PHP Warning:  mysqli::__construct(): (HY000/1045): Access denied for user 'root'@'localhost' (using password: YES) in C:\xampp\htdocs\ana\gotov\seminarski\konekcija.php on line 7
[16-Jan-2020 18:46:01 Europe/Berlin] PHP Warning:  mysqli::__construct(): (HY000/1045): Access denied for user 'root'@'localhost' (using password: YES) in C:\xampp\htdocs\ana\gotov\seminarski\konekcija.php on line 7
[16-Jan-2020 18:46:15 Europe/Berlin] PHP Warning:  mysqli::__construct(): (HY000/1045): Access denied for user 'root'@'localhost' (using password: YES) in C:\xampp\htdocs\ana\gotov\seminarski\konekcija.php on line 7
[16-Jan-2020 18:46:16 Europe/Berlin] PHP Warning:  mysqli::__construct(): (HY000/1045): Access denied for user 'root'@'localhost' (using password: YES) in C:\xampp\htdocs\ana\gotov\seminarski\konekcija.php on line 7
[16-Jan-2020 18:46:16 Europe/Berlin] PHP Warning:  mysqli::__construct(): (HY000/1045): Access denied for user 'root'@'localhost' (using password: YES) in C:\xampp\htdocs\ana\gotov\seminarski\konekcija.php on line 7
[16-Jan-2020 18:46:20 Europe/Berlin] PHP Warning:  mysqli::__construct(): (HY000/1045): Access denied for user 'root'@'localhost' (using password: YES) in C:\xampp\htdocs\ana\gotov\seminarski\konekcija.php on line 7
[16-Jan-2020 18:48:11 Europe/Berlin] PHP Warning:  mysqli::__construct(): (HY000/1045): Access denied for user 'root'@'localhost' (using password: YES) in C:\xampp\htdocs\ana\gotov\seminarski\konekcija.php on line 7
[16-Jan-2020 18:50:02 Europe/Berlin] PHP Warning:  mysqli::__construct(): (HY000/1045): Access denied for user 'root'@'localhost' (using password: YES) in C:\xampp\htdocs\ana\gotov\seminarski\konekcija.php on line 7
[16-Jan-2020 18:50:59 Europe/Berlin] PHP Warning:  mysqli::__construct(): (HY000/1045): Access denied for user 'root'@'localhost' (using password: YES) in C:\xampp\htdocs\ana\gotov\seminarski\konekcija.php on line 7
[16-Jan-2020 18:51:03 Europe/Berlin] PHP Warning:  mysqli::__construct(): (HY000/1045): Access denied for user 'root'@'localhost' (using password: YES) in C:\xampp\htdocs\ana\gotov\seminarski\konekcija.php on line 7
[16-Jan-2020 18:54:02 Europe/Berlin] PHP Warning:  mysqli::__construct(): (HY000/1045): Access denied for user 'root'@'localhost' (using password: YES) in C:\xampp\htdocs\ana\gotov\seminarski\konekcija.php on line 7
[16-Jan-2020 18:54:03 Europe/Berlin] PHP Warning:  mysqli::__construct(): (HY000/1045): Access denied for user 'root'@'localhost' (using password: YES) in C:\xampp\htdocs\ana\gotov\seminarski\konekcija.php on line 7
[16-Jan-2020 18:55:08 Europe/Berlin] PHP Warning:  Invalid argument supplied for foreach() in C:\xampp\htdocs\ana\gotov\seminarski\administracija.php on line 98
[16-Jan-2020 18:56:20 Europe/Berlin] PHP Warning:  Invalid argument supplied for foreach() in C:\xampp\htdocs\ana\gotov\seminarski\administracija.php on line 98
[16-Jan-2020 18:59:32 Europe/Berlin] PHP Warning:  Invalid argument supplied for foreach() in C:\xampp\htdocs\ana\gotov\seminarski\administracija.php on line 98
[16-Jan-2020 19:05:21 Europe/Berlin] PHP Warning:  Invalid argument supplied for foreach() in C:\xampp\htdocs\ana\gotov\seminarski\administracija.php on line 98
[16-Jan-2020 19:06:00 Europe/Berlin] PHP Warning:  Invalid argument supplied for foreach() in C:\xampp\htdocs\ana\gotov\seminarski\administracija.php on line 98
[16-Jan-2020 19:07:51 Europe/Berlin] PHP Warning:  Invalid argument supplied for foreach() in C:\xampp\htdocs\ana\gotov\seminarski\administracija.php on line 98
[16-Jan-2020 19:11:29 Europe/Berlin] PHP Warning:  Invalid argument supplied for foreach() in C:\xampp\htdocs\ana\gotov\seminarski\administracija.php on line 98
[16-Jan-2020 19:13:06 Europe/Berlin] PHP Warning:  Invalid argument supplied for foreach() in C:\xampp\htdocs\ana\gotov\seminarski\administracija.php on line 98
[16-Jan-2020 19:13:24 Europe/Berlin] PHP Warning:  Invalid argument supplied for foreach() in C:\xampp\htdocs\ana\gotov\seminarski\administracija.php on line 98
[16-Jan-2020 19:17:17 Europe/Berlin] PHP Warning:  Invalid argument supplied for foreach() in C:\xampp\htdocs\ana\gotov\seminarski\administracija.php on line 98
[16-Jan-2020 19:17:28 Europe/Berlin] PHP Warning:  Invalid argument supplied for foreach() in C:\xampp\htdocs\ana\gotov\seminarski\administracija.php on line 98
[16-Jan-2020 20:53:13 Europe/Berlin] PHP Warning:  Invalid argument supplied for foreach() in C:\xampp\htdocs\ana\gotov\seminarski\administracija.php on line 98
[16-Jan-2020 20:55:29 Europe/Berlin] PHP Warning:  Invalid argument supplied for foreach() in C:\xampp\htdocs\ana\gotov\seminarski\administracija.php on line 98
[16-Jan-2020 21:00:41 Europe/Berlin] PHP Warning:  Invalid argument supplied for foreach() in C:\xampp\htdocs\ana\gotov\seminarski\administracija.php on line 98
[16-Jan-2020 21:00:59 Europe/Berlin] PHP Warning:  Invalid argument supplied for foreach() in C:\xampp\htdocs\ana\gotov\seminarski\administracija.php on line 101
[16-Jan-2020 21:05:29 Europe/Berlin] PHP Warning:  Invalid argument supplied for foreach() in C:\xampp\htdocs\ana\gotov\seminarski\administracija.php on line 101
[16-Jan-2020 21:13:00 Europe/Berlin] PHP Warning:  Invalid argument supplied for foreach() in C:\xampp\htdocs\ana\gotov\seminarski\administracija.php on line 101
[16-Jan-2020 21:14:32 Europe/Berlin] PHP Warning:  Invalid argument supplied for foreach() in C:\xampp\htdocs\ana\gotov\seminarski\administracija.php on line 101
[16-Jan-2020 21:14:59 Europe/Berlin] PHP Warning:  Invalid argument supplied for foreach() in C:\xampp\htdocs\ana\gotov\seminarski\administracija.php on line 101
[16-Jan-2020 21:18:57 Europe/Berlin] PHP Warning:  Invalid argument supplied for foreach() in C:\xampp\htdocs\ana\gotov\seminarski\administracija.php on line 101
[16-Jan-2020 21:19:26 Europe/Berlin] PHP Warning:  Invalid argument supplied for foreach() in C:\xampp\htdocs\ana\gotov\seminarski\administracija.php on line 101
[16-Jan-2020 21:19:36 Europe/Berlin] PHP Warning:  Invalid argument supplied for foreach() in C:\xampp\htdocs\ana\gotov\seminarski\administracija.php on line 101
[16-Jan-2020 21:28:24 Europe/Berlin] PHP Warning:  Invalid argument supplied for foreach() in C:\xampp\htdocs\ana\gotov\seminarski\administracija.php on line 101
[16-Jan-2020 21:29:14 Europe/Berlin] PHP Warning:  Invalid argument supplied for foreach() in C:\xampp\htdocs\ana\gotov\seminarski\administracija.php on line 109
[16-Jan-2020 21:29:30 Europe/Berlin] PHP Warning:  Invalid argument supplied for foreach() in C:\xampp\htdocs\ana\gotov\seminarski\administracija.php on line 112
[16-Jan-2020 21:31:45 Europe/Berlin] PHP Warning:  Invalid argument supplied for foreach() in C:\xampp\htdocs\ana\gotov\seminarski\administracija.php on line 112
[16-Jan-2020 21:51:55 Europe/Berlin] PHP Warning:  mysqli_connect(): (HY000/1049): Unknown database 'testemonial' in C:\xampp\htdocs\ana\gotov\seminarski\administracija.php on line 104
[16-Jan-2020 21:51:55 Europe/Berlin] PHP Warning:  mysqli_query() expects parameter 1 to be mysqli, bool given in C:\xampp\htdocs\ana\gotov\seminarski\administracija.php on line 105
[16-Jan-2020 21:51:55 Europe/Berlin] PHP Warning:  mysqli_fetch_array() expects parameter 1 to be mysqli_result, null given in C:\xampp\htdocs\ana\gotov\seminarski\administracija.php on line 106
[16-Jan-2020 21:52:00 Europe/Berlin] PHP Warning:  mysqli_connect(): (HY000/1049): Unknown database 'testemonial' in C:\xampp\htdocs\ana\gotov\seminarski\administracija.php on line 104
[16-Jan-2020 21:52:00 Europe/Berlin] PHP Warning:  mysqli_query() expects parameter 1 to be mysqli, bool given in C:\xampp\htdocs\ana\gotov\seminarski\administracija.php on line 105
[16-Jan-2020 21:52:00 Europe/Berlin] PHP Warning:  mysqli_fetch_array() expects parameter 1 to be mysqli_result, null given in C:\xampp\htdocs\ana\gotov\seminarski\administracija.php on line 106
[16-Jan-2020 21:52:04 Europe/Berlin] PHP Warning:  mysqli_connect(): (HY000/1049): Unknown database 'testemonial' in C:\xampp\htdocs\ana\gotov\seminarski\administracija.php on line 104
[16-Jan-2020 21:52:04 Europe/Berlin] PHP Warning:  mysqli_query() expects parameter 1 to be mysqli, bool given in C:\xampp\htdocs\ana\gotov\seminarski\administracija.php on line 105
[16-Jan-2020 21:52:04 Europe/Berlin] PHP Warning:  mysqli_fetch_array() expects parameter 1 to be mysqli_result, null given in C:\xampp\htdocs\ana\gotov\seminarski\administracija.php on line 106
[16-Jan-2020 21:52:12 Europe/Berlin] PHP Warning:  mysqli_connect(): (HY000/1049): Unknown database 'testemonial' in C:\xampp\htdocs\ana\gotov\seminarski\administracija.php on line 104
[16-Jan-2020 21:52:12 Europe/Berlin] PHP Warning:  mysqli_query() expects parameter 1 to be mysqli, bool given in C:\xampp\htdocs\ana\gotov\seminarski\administracija.php on line 105
[16-Jan-2020 21:52:12 Europe/Berlin] PHP Warning:  mysqli_fetch_array() expects parameter 1 to be mysqli_result, null given in C:\xampp\htdocs\ana\gotov\seminarski\administracija.php on line 106
[16-Jan-2020 21:53:57 Europe/Berlin] PHP Warning:  Invalid argument supplied for foreach() in C:\xampp\htdocs\ana\gotov\seminarski\administracija.php on line 109
[16-Jan-2020 21:54:17 Europe/Berlin] PHP Warning:  Invalid argument supplied for foreach() in C:\xampp\htdocs\ana\gotov\seminarski\administracija.php on line 109
[16-Jan-2020 21:54:36 Europe/Berlin] PHP Warning:  Invalid argument supplied for foreach() in C:\xampp\htdocs\ana\gotov\seminarski\administracija.php on line 107
[16-Jan-2020 21:54:37 Europe/Berlin] PHP Warning:  Invalid argument supplied for foreach() in C:\xampp\htdocs\ana\gotov\seminarski\administracija.php on line 107
[16-Jan-2020 21:54:37 Europe/Berlin] PHP Warning:  Invalid argument supplied for foreach() in C:\xampp\htdocs\ana\gotov\seminarski\administracija.php on line 107
[16-Jan-2020 21:54:54 Europe/Berlin] PHP Warning:  Invalid argument supplied for foreach() in C:\xampp\htdocs\ana\gotov\seminarski\administracija.php on line 101
[16-Jan-2020 21:54:57 Europe/Berlin] PHP Warning:  Invalid argument supplied for foreach() in C:\xampp\htdocs\ana\gotov\seminarski\administracija.php on line 101
[16-Jan-2020 21:58:09 Europe/Berlin] PHP Warning:  Invalid argument supplied for foreach() in C:\xampp\htdocs\ana\gotov\seminarski\administracija.php on line 101
[17-Jan-2020 01:16:24 Europe/Berlin] PHP Warning:  Invalid argument supplied for foreach() in C:\xampp\htdocs\ana\gotov\seminarski\administracija.php on line 105
[17-Jan-2020 01:17:03 Europe/Berlin] PHP Warning:  Invalid argument supplied for foreach() in C:\xampp\htdocs\ana\gotov\seminarski\administracija.php on line 105
[17-Jan-2020 01:18:37 Europe/Berlin] PHP Warning:  Invalid argument supplied for foreach() in C:\xampp\htdocs\ana\gotov\seminarski\administracija.php on line 105
[17-Jan-2020 01:19:49 Europe/Berlin] PHP Warning:  Invalid argument supplied for foreach() in C:\xampp\htdocs\ana\gotov\seminarski\administracija.php on line 105
[17-Jan-2020 01:19:54 Europe/Berlin] PHP Warning:  Invalid argument supplied for foreach() in C:\xampp\htdocs\ana\gotov\seminarski\administracija.php on line 105
[17-Jan-2020 01:20:00 Europe/Berlin] PHP Warning:  Invalid argument supplied for foreach() in C:\xampp\htdocs\ana\gotov\seminarski\administracija.php on line 105
[17-Jan-2020 01:20:08 Europe/Berlin] PHP Warning:  Invalid argument supplied for foreach() in C:\xampp\htdocs\ana\gotov\seminarski\administracija.php on line 105
[17-Jan-2020 01:20:38 Europe/Berlin] PHP Warning:  Invalid argument supplied for foreach() in C:\xampp\htdocs\ana\gotov\seminarski\administracija.php on line 105
[17-Jan-2020 01:20:59 Europe/Berlin] PHP Warning:  Invalid argument supplied for foreach() in C:\xampp\htdocs\ana\gotov\seminarski\administracija.php on line 105
[17-Jan-2020 01:29:03 Europe/Berlin] PHP Notice:  Undefined variable: db_table in C:\xampp\htdocs\ana\gotov\seminarski\server_obrada.php on line 4
[17-Jan-2020 01:29:03 Europe/Berlin] PHP Notice:  Undefined variable: db_user in C:\xampp\htdocs\ana\gotov\seminarski\server_obrada.php on line 23
[17-Jan-2020 01:29:03 Europe/Berlin] PHP Notice:  Undefined variable: db_pass in C:\xampp\htdocs\ana\gotov\seminarski\server_obrada.php on line 24
[17-Jan-2020 01:29:03 Europe/Berlin] PHP Notice:  Undefined variable: db_db in C:\xampp\htdocs\ana\gotov\seminarski\server_obrada.php on line 25
[17-Jan-2020 01:29:03 Europe/Berlin] PHP Notice:  Undefined variable: db_server in C:\xampp\htdocs\ana\gotov\seminarski\server_obrada.php on line 26
[17-Jan-2020 01:30:17 Europe/Berlin] PHP Notice:  Undefined variable: db_table in C:\xampp\htdocs\ana\gotov\seminarski\server_obrada.php on line 4
[17-Jan-2020 01:30:17 Europe/Berlin] PHP Notice:  Undefined variable: db_user in C:\xampp\htdocs\ana\gotov\seminarski\server_obrada.php on line 23
[17-Jan-2020 01:30:17 Europe/Berlin] PHP Notice:  Undefined variable: db_pass in C:\xampp\htdocs\ana\gotov\seminarski\server_obrada.php on line 24
[17-Jan-2020 01:30:17 Europe/Berlin] PHP Notice:  Undefined variable: db_db in C:\xampp\htdocs\ana\gotov\seminarski\server_obrada.php on line 25
[17-Jan-2020 01:30:17 Europe/Berlin] PHP Notice:  Undefined variable: db_server in C:\xampp\htdocs\ana\gotov\seminarski\server_obrada.php on line 26
[17-Jan-2020 01:31:47 Europe/Berlin] PHP Warning:  Use of undefined constant testemonials - assumed 'testemonials' (this will throw an Error in a future version of PHP) in C:\xampp\htdocs\ana\gotov\seminarski\server_obrada.php on line 4
[17-Jan-2020 01:31:47 Europe/Berlin] PHP Notice:  Undefined variable: db_user in C:\xampp\htdocs\ana\gotov\seminarski\server_obrada.php on line 23
[17-Jan-2020 01:31:47 Europe/Berlin] PHP Notice:  Undefined variable: db_pass in C:\xampp\htdocs\ana\gotov\seminarski\server_obrada.php on line 24
[17-Jan-2020 01:31:47 Europe/Berlin] PHP Notice:  Undefined variable: db_db in C:\xampp\htdocs\ana\gotov\seminarski\server_obrada.php on line 25
[17-Jan-2020 01:31:47 Europe/Berlin] PHP Notice:  Undefined variable: db_server in C:\xampp\htdocs\ana\gotov\seminarski\server_obrada.php on line 26
[17-Jan-2020 01:34:30 Europe/Berlin] PHP Warning:  Invalid argument supplied for foreach() in C:\xampp\htdocs\ana\gotov\seminarski\administracija.php on line 105
